<?xml version="1.0" encoding="UTF-8"?>
<!-- Generated by org.testng.reporters.JUnitReportReporter -->
<testsuite hostname="Anshuls-MacBook-Air.local" failures="0" tests="14" name="testScenario.ScenarioUI" time="15.265" errors="0" timestamp="2024-08-15T21:27:52 IST" skipped="0">
  <testcase classname="testScenario.ScenarioUI" name="takeScreenshotOfSuggestions" time="0.105">
    <system-out>
      <![CDATA[takeScreenshotOfSuggestions]]>
    </system-out>
  </testcase> <!-- takeScreenshotOfSuggestions -->
  <testcase classname="testScenario.ScenarioUI" name="validatePageTitleAndProduct" time="0.039">
    <system-out>
      <![CDATA[validatePageTitleAndProduct]]>
    </system-out>
  </testcase> <!-- validatePageTitleAndProduct -->
  <testcase classname="testScenario.ScenarioUI" name="selectAppleWatchFromDropdown" time="1.142">
    <system-out>
      <![CDATA[selectAppleWatchFromDropdown]]>
    </system-out>
  </testcase> <!-- selectAppleWatchFromDropdown -->
  <testcase classname="testScenario.ScenarioUI" name="searchIPhone" time="0.243">
    <system-out>
      <![CDATA[SearchIPhone]]>
    </system-out>
  </testcase> <!-- searchIPhone -->
  <testcase classname="testScenario.ScenarioUI" name="visitAppleStore" time="2.203">
    <system-out>
      <![CDATA[visitAppleStore]]>
    </system-out>
  </testcase> <!-- visitAppleStore -->
  <testcase classname="testScenario.ScenarioUI" name="selectProduct" time="5.659">
    <system-out>
      <![CDATA[selectProduct]]>
    </system-out>
  </testcase> <!-- selectProduct -->
  <testcase classname="testScenario.ScenarioUI" name="assertTitle" time="0.008">
    <system-out>
      <![CDATA[AssertTitle: Online Shopping site in India: Shop Online for Mobiles, Books, Watches, Shoes and More - Amazon.in]]>
    </system-out>
  </testcase> <!-- assertTitle -->
  <testcase classname="testScenario.ScenarioUI" name="launchUrl" time="3.556">
    <system-out>
      <![CDATA[Launch Url:  https://www.amazon.in/]]>
    </system-out>
  </testcase> <!-- launchUrl -->
  <testcase classname="testScenario.ScenarioUI" name="validateSuggestionsfromDropdown" time="0.012">
    <system-out>
      <![CDATA[validateSuggestionsfromDropdown]]>
    </system-out>
  </testcase> <!-- validateSuggestionsfromDropdown -->
  <testcase classname="testScenario.ScenarioUI" name="clearSearchBoxAndSearchIphone" time="1.808">
    <system-out>
      <![CDATA[clearSearchBoxAndSearchIphone]]>
    </system-out>
  </testcase> <!-- clearSearchBoxAndSearchIphone -->
  <testcase classname="testScenario.ScenarioUI" name="selectDropdown" time="0.076">
    <system-out>
      <![CDATA[Select Dropdown]]>
    </system-out>
  </testcase> <!-- selectDropdown -->
  <testcase classname="testScenario.ScenarioUI" name="validateWatchTitleFromQuickView" time="0.013">
    <system-out>
      <![CDATA[validateWatchTitleFromQuickView]]>
    </system-out>
  </testcase> <!-- validateWatchTitleFromQuickView -->
  <testcase classname="testScenario.ScenarioUI" name="takeScreenshotWatchFromQuickView" time="0.396">
    <system-out>
      <![CDATA[takeScreenshotWatchFromQuickView]]>
    </system-out>
  </testcase> <!-- takeScreenshotWatchFromQuickView -->
  <testcase classname="testScenario.ScenarioUI" name="assertDropdownValue" time="0.005">
    <system-out>
      <![CDATA[Assert Dropdown Value]]>
    </system-out>
  </testcase> <!-- assertDropdownValue -->
  <system-out>
    <![CDATA[Launch Url:  https://www.amazon.in/
AssertTitle: Online Shopping site in India: Shop Online for Mobiles, Books, Watches, Shoes and More - Amazon.in
Select Dropdown
Assert Dropdown Value
SearchIPhone
takeScreenshotOfSuggestions
validateSuggestionsfromDropdown
clearSearchBoxAndSearchIphone
selectProduct
validatePageTitleAndProduct
visitAppleStore
selectAppleWatchFromDropdown
takeScreenshotWatchFromQuickView
validateWatchTitleFromQuickView]]>
  </system-out>
</testsuite> <!-- testScenario.ScenarioUI -->
